This file contains any messages produced by compilers while
running configure, to aid debugging if configure makes a mistake.

It was created by Chemtool configure 1.6.13, which was
generated by GNU Autoconf 2.72.  Invocation command line was

  $ ./configure --no-create --no-recursion

## --------- ##
## Platform. ##
## --------- ##

hostname = fedora
uname -m = x86_64
uname -r = 6.16.8-200.fc42.x86_64
uname -s = Linux
uname -v = #1 SMP PREEMPT_DYNAMIC Fri Sep 19 17:47:18 UTC 2025

/usr/bin/uname -p = unknown
/bin/uname -X     = unknown

/bin/arch              = x86_64
/usr/bin/arch -k       = unknown
/usr/convex/getsysinfo = unknown
/usr/bin/hostinfo      = unknown
/bin/machine           = unknown
/usr/bin/oslevel       = unknown
/bin/universe          = unknown

PATH: /home/izzie/micromamba/condabin/
PATH: /home/izzie/.local/bin/
PATH: /home/izzie/bin/
PATH: /usr/local/bin/
PATH: /usr/bin/
PATH: /bin/
PATH: /usr/local/sbin/
PATH: /usr/sbin/
PATH: /sbin/


## ----------- ##
## Core tests. ##
## ----------- ##

configure:2537: looking for aux files: config.guess config.sub compile missing install-sh
configure:2550:  trying ./
configure:2579:   ./config.guess found
configure:2579:   ./config.sub found
configure:2579:   ./compile found
configure:2579:   ./missing found
configure:2561:   ./install-sh found
configure:2710: checking for a BSD-compatible install
configure:2784: result: /usr/bin/install -c
configure:2795: checking whether sleep supports fractional seconds
configure:2811: result: yes
configure:2814: checking filesystem timestamp resolution
configure:2949: result: 0.01
configure:2954: checking whether build environment is sane
configure:2995: result: yes
configure:3166: checking for a race-free mkdir -p
configure:3209: result: /usr/bin/mkdir -p
configure:3216: checking for gawk
configure:3237: found /usr/bin/gawk
configure:3249: result: gawk
configure:3260: checking whether make sets $(MAKE)
configure:3284: result: yes
configure:3310: checking whether make supports nested variables
configure:3329: result: yes
configure:3343: checking xargs -n works
configure:3359: result: yes
configure:3475: checking whether NLS is requested
configure:3486: result: yes
configure:3524: checking for msgfmt
configure:3557: result: /usr/bin/msgfmt
configure:3566: checking for gmsgfmt
configure:3603: result: /usr/bin/msgfmt
configure:3643: checking for xgettext
configure:3676: result: /usr/bin/xgettext
configure:3716: checking for msgmerge
configure:3748: result: /usr/bin/msgmerge
configure:3812: checking whether make supports the include directive
configure:3827: make -f confmf.GNU && cat confinc.out
make[3]: Entering directory '/run/media/izzie/Storage/Chemtool'
make[3]: Leaving directory '/run/media/izzie/Storage/Chemtool'
this is the am__doit target
configure:3830: $? = 0
configure:3849: result: yes (GNU style)
configure:3926: checking for gcc
configure:3947: found /usr/bin/gcc
configure:3959: result: gcc
configure:4318: checking for C compiler version
configure:4327: gcc --version >&5
gcc (GCC) 15.2.1 20250808 (Red Hat 15.2.1-1)
Copyright (C) 2025 Free Software Foundation, Inc.
This is free software; see the source for copying conditions.  There is NO
warranty; not even for MERCHANTABILITY or FITNESS FOR A PARTICULAR PURPOSE.

configure:4338: $? = 0
configure:4327: gcc -v >&5
Using built-in specs.
COLLECT_GCC=gcc
COLLECT_LTO_WRAPPER=/usr/libexec/gcc/x86_64-redhat-linux/15/lto-wrapper
OFFLOAD_TARGET_NAMES=nvptx-none:amdgcn-amdhsa
OFFLOAD_TARGET_DEFAULT=1
Target: x86_64-redhat-linux
Configured with: ../configure --enable-bootstrap --enable-languages=c,c++,fortran,objc,obj-c++,ada,go,d,m2,cobol,lto --prefix=/usr --mandir=/usr/share/man --infodir=/usr/share/info --with-bugurl=http://bugzilla.redhat.com/bugzilla --enable-shared --enable-threads=posix --enable-checking=release --enable-multilib --with-system-zlib --enable-__cxa_atexit --disable-libunwind-exceptions --enable-gnu-unique-object --enable-linker-build-id --with-gcc-major-version-only --enable-libstdcxx-backtrace --with-libstdcxx-zoneinfo=/usr/share/zoneinfo --with-linker-hash-style=gnu --enable-plugin --enable-initfini-array --with-isl=/builddir/build/BUILD/gcc-15.2.1-build/gcc-15.2.1-20250808/obj-x86_64-redhat-linux/isl-install --enable-offload-targets=nvptx-none,amdgcn-amdhsa --enable-offload-defaulted --without-cuda-driver --enable-gnu-indirect-function --enable-cet --with-tune=generic --with-arch_32=i686 --build=x86_64-redhat-linux --with-build-config=bootstrap-lto --enable-link-serialization=1
Thread model: posix
Supported LTO compression algorithms: zlib zstd
gcc version 15.2.1 20250808 (Red Hat 15.2.1-1) (GCC) 
... rest of stderr output deleted ...
configure:4338: $? = 0
configure:4327: gcc -V >&5
gcc: error: unrecognized command-line option '-V'
gcc: fatal error: no input files
compilation terminated.
configure:4338: $? = 1
configure:4327: gcc -qversion >&5
gcc: error: unrecognized command-line option '-qversion'; did you mean '--version'?
gcc: fatal error: no input files
compilation terminated.
configure:4338: $? = 1
configure:4327: gcc -version >&5
gcc: error: unrecognized command-line option '-version'
gcc: fatal error: no input files
compilation terminated.
configure:4338: $? = 1
configure:4358: checking whether the C compiler works
configure:4380: gcc    conftest.c  >&5
configure:4384: $? = 0
configure:4435: result: yes
configure:4439: checking for C compiler default output file name
configure:4441: result: a.out
configure:4447: checking for suffix of executables
configure:4454: gcc -o conftest    conftest.c  >&5
configure:4458: $? = 0
configure:4482: result: 
configure:4506: checking whether we are cross compiling
configure:4514: gcc -o conftest    conftest.c  >&5
configure:4518: $? = 0
configure:4525: ./conftest
configure:4529: $? = 0
configure:4544: result: no
configure:4550: checking for suffix of object files
configure:4573: gcc -c   conftest.c >&5
configure:4577: $? = 0
configure:4601: result: o
configure:4605: checking whether the compiler supports GNU C
configure:4625: gcc -c   conftest.c >&5
configure:4625: $? = 0
configure:4637: result: yes
configure:4648: checking whether gcc accepts -g
configure:4669: gcc -c -g  conftest.c >&5
configure:4669: $? = 0
configure:4716: result: yes
configure:4736: checking for gcc option to enable C11 features
configure:4751: gcc  -c -g -O2  conftest.c >&5
configure:4751: $? = 0
configure:4770: result: none needed
configure:4894: checking whether gcc understands -c and -o together
configure:4917: gcc -c conftest.c -o conftest2.o
configure:4920: $? = 0
configure:4917: gcc -c conftest.c -o conftest2.o
configure:4920: $? = 0
configure:4933: result: yes
configure:4952: checking dependency style of gcc
configure:5065: result: none
configure:5086: checking build system type
configure:5102: result: x86_64-pc-linux-gnu
configure:5122: checking host system type
configure:5137: result: x86_64-pc-linux-gnu
configure:5183: checking for ld used by GCC
configure:5249: result: /usr/bin/ld
configure:5256: checking if the linker (/usr/bin/ld) is GNU ld
configure:5271: result: yes
configure:5277: checking for shared library run path origin
configure:5292: result: done
configure:5712: checking whether NLS is requested
configure:5723: result: yes
configure:5741: checking for GNU gettext in libc
configure:5761: gcc -o conftest -g -O2   conftest.c  >&5
configure:5761: $? = 0
configure:5772: result: yes
configure:6362: checking whether to use NLS
configure:6364: result: yes
configure:6367: checking where the gettext function comes from
configure:6378: result: libc
configure:6490: checking for gcc
configure:6523: result: gcc
configure:6882: checking for C compiler version
configure:6891: gcc --version >&5
gcc (GCC) 15.2.1 20250808 (Red Hat 15.2.1-1)
Copyright (C) 2025 Free Software Foundation, Inc.
This is free software; see the source for copying conditions.  There is NO
warranty; not even for MERCHANTABILITY or FITNESS FOR A PARTICULAR PURPOSE.

configure:6902: $? = 0
configure:6891: gcc -v >&5
Using built-in specs.
COLLECT_GCC=gcc
COLLECT_LTO_WRAPPER=/usr/libexec/gcc/x86_64-redhat-linux/15/lto-wrapper
OFFLOAD_TARGET_NAMES=nvptx-none:amdgcn-amdhsa
OFFLOAD_TARGET_DEFAULT=1
Target: x86_64-redhat-linux
Configured with: ../configure --enable-bootstrap --enable-languages=c,c++,fortran,objc,obj-c++,ada,go,d,m2,cobol,lto --prefix=/usr --mandir=/usr/share/man --infodir=/usr/share/info --with-bugurl=http://bugzilla.redhat.com/bugzilla --enable-shared --enable-threads=posix --enable-checking=release --enable-multilib --with-system-zlib --enable-__cxa_atexit --disable-libunwind-exceptions --enable-gnu-unique-object --enable-linker-build-id --with-gcc-major-version-only --enable-libstdcxx-backtrace --with-libstdcxx-zoneinfo=/usr/share/zoneinfo --with-linker-hash-style=gnu --enable-plugin --enable-initfini-array --with-isl=/builddir/build/BUILD/gcc-15.2.1-build/gcc-15.2.1-20250808/obj-x86_64-redhat-linux/isl-install --enable-offload-targets=nvptx-none,amdgcn-amdhsa --enable-offload-defaulted --without-cuda-driver --enable-gnu-indirect-function --enable-cet --with-tune=generic --with-arch_32=i686 --build=x86_64-redhat-linux --with-build-config=bootstrap-lto --enable-link-serialization=1
Thread model: posix
Supported LTO compression algorithms: zlib zstd
gcc version 15.2.1 20250808 (Red Hat 15.2.1-1) (GCC) 
... rest of stderr output deleted ...
configure:6902: $? = 0
configure:6891: gcc -V >&5
gcc: error: unrecognized command-line option '-V'
gcc: fatal error: no input files
compilation terminated.
configure:6902: $? = 1
configure:6891: gcc -qversion >&5
gcc: error: unrecognized command-line option '-qversion'; did you mean '--version'?
gcc: fatal error: no input files
compilation terminated.
configure:6902: $? = 1
configure:6891: gcc -version >&5
gcc: error: unrecognized command-line option '-version'
gcc: fatal error: no input files
compilation terminated.
configure:6902: $? = 1
configure:6906: checking whether the compiler supports GNU C
configure:6938: result: yes
configure:6949: checking whether gcc accepts -g
configure:7017: result: yes
configure:7037: checking for gcc option to enable C11 features
configure:7071: result: none needed
configure:7195: checking whether gcc understands -c and -o together
configure:7234: result: yes
configure:7253: checking dependency style of gcc
configure:7366: result: none
configure:7381: checking whether make sets $(MAKE)
configure:7405: result: yes
configure:7415: checking whether ln -s works
configure:7419: result: yes
configure:7428: checking for cp
configure:7451: found /usr/bin/cp
configure:7464: result: /usr/bin/cp
configure:7474: checking for rm
configure:7497: found /usr/bin/rm
configure:7510: result: /usr/bin/rm
configure:7519: checking for main in -libs
configure:7539: gcc -o conftest -g -O2   conftest.c -libs   >&5
/usr/bin/ld: cannot find -libs: No such file or directory
collect2: error: ld returned 1 exit status
configure:7539: $? = 1
configure: failed program was:
| /* confdefs.h */
| #define PACKAGE_NAME "Chemtool"
| #define PACKAGE_TARNAME "chemtool"
| #define PACKAGE_VERSION "1.6.13"
| #define PACKAGE_STRING "Chemtool 1.6.13"
| #define PACKAGE_BUGREPORT "martin@ruby.chemie.uni-freiburg.de"
| #define PACKAGE_URL ""
| #define PACKAGE "chemtool"
| #define VERSION "1.6.13"
| #define ENABLE_NLS 1
| #define HAVE_GETTEXT 1
| #define HAVE_DCGETTEXT 1
| /* end confdefs.h.  */
| 
| 
| int
| main (void)
| {
| return main ();
|   ;
|   return 0;
| }
configure:7551: result: no
configure:7561: checking for acos in -lm
configure:7590: gcc -o conftest -g -O2   conftest.c -lm   >&5
conftest.c:24:6: warning: conflicting types for built-in function 'acos'; expected 'double(double)' [-Wbuiltin-declaration-mismatch]
   24 | char acos (void);
      |      ^~~~
conftest.c:1:1: note: 'acos' is declared in header '<math.h>'
    1 | /* confdefs.h */
configure:7590: $? = 0
configure:7602: result: yes
configure:7631: checking for pkg-config
configure:7654: found /usr/bin/pkg-config
configure:7668: result: /usr/bin/pkg-config
configure:7677: checking for GTK version and compile options 
configure:7991: checking how to run the C preprocessor
configure:8017: gcc -E  conftest.c
configure:8017: $? = 0
configure:8033: gcc -E  conftest.c
conftest.c:18:10: fatal error: ac_nonexistent.h: No such file or directory
   18 | #include <ac_nonexistent.h>
      |          ^~~~~~~~~~~~~~~~~~
compilation terminated.
configure:8033: $? = 1
configure: failed program was:
| /* confdefs.h */
| #define PACKAGE_NAME "Chemtool"
| #define PACKAGE_TARNAME "chemtool"
| #define PACKAGE_VERSION "1.6.13"
| #define PACKAGE_STRING "Chemtool 1.6.13"
| #define PACKAGE_BUGREPORT "martin@ruby.chemie.uni-freiburg.de"
| #define PACKAGE_URL ""
| #define PACKAGE "chemtool"
| #define VERSION "1.6.13"
| #define ENABLE_NLS 1
| #define HAVE_GETTEXT 1
| #define HAVE_DCGETTEXT 1
| #define HAVE_LIBM 1
| #define LIBUNDO 1
| #define MENU 1
| #define GTK2 1
| /* end confdefs.h.  */
| #include <ac_nonexistent.h>
configure:8062: result: gcc -E
configure:8076: gcc -E  conftest.c
configure:8076: $? = 0
configure:8092: gcc -E  conftest.c
conftest.c:18:10: fatal error: ac_nonexistent.h: No such file or directory
   18 | #include <ac_nonexistent.h>
      |          ^~~~~~~~~~~~~~~~~~
compilation terminated.
configure:8092: $? = 1
configure: failed program was:
| /* confdefs.h */
| #define PACKAGE_NAME "Chemtool"
| #define PACKAGE_TARNAME "chemtool"
| #define PACKAGE_VERSION "1.6.13"
| #define PACKAGE_STRING "Chemtool 1.6.13"
| #define PACKAGE_BUGREPORT "martin@ruby.chemie.uni-freiburg.de"
| #define PACKAGE_URL ""
| #define PACKAGE "chemtool"
| #define VERSION "1.6.13"
| #define ENABLE_NLS 1
| #define HAVE_GETTEXT 1
| #define HAVE_DCGETTEXT 1
| #define HAVE_LIBM 1
| #define LIBUNDO 1
| #define MENU 1
| #define GTK2 1
| /* end confdefs.h.  */
| #include <ac_nonexistent.h>
configure:8125: checking for X
configure:8163: gcc -o conftest -g -O2   conftest.c -lX11 -lm  >&5
configure:8163: $? = 0
configure:8353: result: libraries , headers 
configure:8459: gcc -o conftest -g -O2   conftest.c -lm   -lX11 >&5
configure:8459: $? = 0
configure:8575: checking for gethostbyname
configure:8575: gcc -o conftest -g -O2   conftest.c -lm  >&5
configure:8575: $? = 0
configure:8575: result: yes
configure:8689: checking for connect
configure:8689: gcc -o conftest -g -O2   conftest.c -lm  >&5
configure:8689: $? = 0
configure:8689: result: yes
configure:8747: checking for remove
configure:8747: gcc -o conftest -g -O2   conftest.c -lm  >&5
configure:8747: $? = 0
configure:8747: result: yes
configure:8805: checking for shmat
configure:8805: gcc -o conftest -g -O2   conftest.c -lm  >&5
configure:8805: $? = 0
configure:8805: result: yes
configure:8872: checking for IceConnectionNumber in -lICE
configure:8901: gcc -o conftest -g -O2   conftest.c -lICE  -lm  >&5
configure:8901: $? = 0
configure:8913: result: yes
configure:8927: checking for dirent.h that defines DIR
configure:8947: gcc -c -g -O2  conftest.c >&5
configure:8947: $? = 0
configure:8958: result: yes
configure:8972: checking for library containing opendir
configure:9008: gcc -o conftest -g -O2   conftest.c -lm  >&5
configure:9008: $? = 0
configure:9030: result: none required
configure:9113: checking for stdio.h
configure:9113: gcc -c -g -O2  conftest.c >&5
configure:9113: $? = 0
configure:9113: result: yes
configure:9113: checking for stdlib.h
configure:9113: gcc -c -g -O2  conftest.c >&5
configure:9113: $? = 0
configure:9113: result: yes
configure:9113: checking for string.h
configure:9113: gcc -c -g -O2  conftest.c >&5
configure:9113: $? = 0
configure:9113: result: yes
configure:9113: checking for inttypes.h
configure:9113: gcc -c -g -O2  conftest.c >&5
configure:9113: $? = 0
configure:9113: result: yes
configure:9113: checking for stdint.h
configure:9113: gcc -c -g -O2  conftest.c >&5
configure:9113: $? = 0
configure:9113: result: yes
configure:9113: checking for strings.h
configure:9113: gcc -c -g -O2  conftest.c >&5
configure:9113: $? = 0
configure:9113: result: yes
configure:9113: checking for sys/stat.h
configure:9113: gcc -c -g -O2  conftest.c >&5
configure:9113: $? = 0
configure:9113: result: yes
configure:9113: checking for sys/types.h
configure:9113: gcc -c -g -O2  conftest.c >&5
configure:9113: $? = 0
configure:9113: result: yes
configure:9113: checking for unistd.h
configure:9113: gcc -c -g -O2  conftest.c >&5
configure:9113: $? = 0
configure:9113: result: yes
configure:9113: checking for sys/param.h
configure:9113: gcc -c -g -O2  conftest.c >&5
configure:9113: $? = 0
configure:9113: result: yes
configure:9138: checking for grep that handles long lines and -e
configure:9204: result: /usr/bin/grep
configure:9212: checking for egrep
configure:9282: result: /usr/bin/grep -E
configure:9292: checking for XOpenDisplay in -lX11
configure:9321: gcc -o conftest -g -O2   conftest.c -lX11  -lm  >&5
configure:9321: $? = 0
configure:9333: result: yes
configure:9344: checking for strings.h
configure:9344: result: yes
configure:9350: checking for unistd.h
configure:9350: result: yes
configure:9356: checking for libintl.h
configure:9356: gcc -c -g -O2  conftest.c >&5
configure:9356: $? = 0
configure:9356: result: yes
configure:9365: checking for an ANSI C-conforming const
configure:9432: gcc -c -g -O2  conftest.c >&5
configure:9432: $? = 0
configure:9442: result: yes
configure:9450: checking for size_t
configure:9450: gcc -c -g -O2  conftest.c >&5
configure:9450: $? = 0
configure:9450: gcc -c -g -O2  conftest.c >&5
conftest.c: In function 'main':
conftest.c:65:21: error: expected expression before ')' token
   65 | if (sizeof ((size_t)))
      |                     ^
configure:9450: $? = 1
configure: failed program was:
| /* confdefs.h */
| #define PACKAGE_NAME "Chemtool"
| #define PACKAGE_TARNAME "chemtool"
| #define PACKAGE_VERSION "1.6.13"
| #define PACKAGE_STRING "Chemtool 1.6.13"
| #define PACKAGE_BUGREPORT "martin@ruby.chemie.uni-freiburg.de"
| #define PACKAGE_URL ""
| #define PACKAGE "chemtool"
| #define VERSION "1.6.13"
| #define ENABLE_NLS 1
| #define HAVE_GETTEXT 1
| #define HAVE_DCGETTEXT 1
| #define HAVE_LIBM 1
| #define LIBUNDO 1
| #define MENU 1
| #define GTK2 1
| #define HAVE_DIRENT_H 1
| #define HAVE_STDIO_H 1
| #define HAVE_STDLIB_H 1
| #define HAVE_STRING_H 1
| #define HAVE_INTTYPES_H 1
| #define HAVE_STDINT_H 1
| #define HAVE_STRINGS_H 1
| #define HAVE_SYS_STAT_H 1
| #define HAVE_SYS_TYPES_H 1
| #define HAVE_UNISTD_H 1
| #define HAVE_SYS_PARAM_H 1
| #define STDC_HEADERS 1
| #define HAVE_LIBX11 1
| #define HAVE_STRINGS_H 1
| #define HAVE_UNISTD_H 1
| #define HAVE_LIBINTL_H 1
| /* end confdefs.h.  */
| #include <stddef.h>
| #ifdef HAVE_STDIO_H
| # include <stdio.h>
| #endif
| #ifdef HAVE_STDLIB_H
| # include <stdlib.h>
| #endif
| #ifdef HAVE_STRING_H
| # include <string.h>
| #endif
| #ifdef HAVE_INTTYPES_H
| # include <inttypes.h>
| #endif
| #ifdef HAVE_STDINT_H
| # include <stdint.h>
| #endif
| #ifdef HAVE_STRINGS_H
| # include <strings.h>
| #endif
| #ifdef HAVE_SYS_TYPES_H
| # include <sys/types.h>
| #endif
| #ifdef HAVE_SYS_STAT_H
| # include <sys/stat.h>
| #endif
| #ifdef HAVE_UNISTD_H
| # include <unistd.h>
| #endif
| int
| main (void)
| {
| if (sizeof ((size_t)))
| 	    return 0;
|   ;
|   return 0;
| }
configure:9450: result: yes
configure:9461: checking whether struct tm is in sys/time.h or time.h
configure:9482: gcc -c -g -O2  conftest.c >&5
configure:9482: $? = 0
configure:9492: result: time.h
configure:9501: checking for working POSIX fnmatch
configure:9536: gcc -o conftest -g -O2   conftest.c -lX11 -lm  >&5
configure:9536: $? = 0
configure:9536: ./conftest
configure:9536: $? = 0
configure:9550: result: yes
configure:9560: checking for working memcmp
configure:9605: gcc -o conftest -g -O2   conftest.c -lX11 -lm  >&5
configure:9605: $? = 0
configure:9605: ./conftest
configure:9605: $? = 0
configure:9619: result: yes
configure:9633: checking for getpagesize
configure:9633: gcc -o conftest -g -O2   conftest.c -lX11 -lm  >&5
configure:9633: $? = 0
configure:9633: result: yes
configure:9644: checking for working mmap
configure:9794: gcc -o conftest -g -O2   conftest.c -lX11 -lm  >&5
configure:9794: $? = 0
configure:9794: ./conftest
configure:9794: $? = 0
configure:9808: result: yes
configure:9817: checking for getcwd
configure:9817: gcc -o conftest -g -O2   conftest.c -lX11 -lm  >&5
configure:9817: $? = 0
configure:9817: result: yes
configure:9823: checking for getwd
configure:9823: gcc -o conftest -g -O2   conftest.c -lX11 -lm  >&5
/usr/bin/ld: /tmp/ccfIE3YH.o: in function `main':
/run/media/izzie/Storage/Chemtool/conftest.c:65:(.text.startup+0x5): warning: the `getwd' function is dangerous and should not be used.
configure:9823: $? = 0
configure:9823: result: yes
configure:9829: checking for mkdir
configure:9829: gcc -o conftest -g -O2   conftest.c -lX11 -lm  >&5
configure:9829: $? = 0
configure:9829: result: yes
configure:9835: checking for strtod
configure:9835: gcc -o conftest -g -O2   conftest.c -lX11 -lm  >&5
configure:9835: $? = 0
configure:9835: result: yes
configure:9841: checking for strtol
configure:9841: gcc -o conftest -g -O2   conftest.c -lX11 -lm  >&5
configure:9841: $? = 0
configure:9841: result: yes
configure:9870: checking for KDE 
configure:9888: result: no
configure:9902: checking for GNOME 
configure:9906: result: apparently in /usr
configure:9917: result: no
configure:9922: checking whether to enable libundo
configure:9934: result: yes
configure:9944: checking whether to use pull-down menus
configure:9956: result: yes
configure:9965: checking whether to enable emf output
configure:9984: result: no
configure:9990: checking whether standard GTK dialogs should be used instead of our own
configure:10003: result: yes
configure:10139: checking that generated files are newer than configure
configure:10145: result: done
configure:10184: creating ./config.status

## ---------------- ##
## Cache variables. ##
## ---------------- ##

ac_cv_build=x86_64-pc-linux-gnu
ac_cv_c_compiler_gnu=yes
ac_cv_c_const=yes
ac_cv_env_CC_set=
ac_cv_env_CC_value=
ac_cv_env_CFLAGS_set=
ac_cv_env_CFLAGS_value=
ac_cv_env_CPPFLAGS_set=
ac_cv_env_CPPFLAGS_value=
ac_cv_env_CPP_set=
ac_cv_env_CPP_value=
ac_cv_env_LDFLAGS_set=
ac_cv_env_LDFLAGS_value=
ac_cv_env_LIBS_set=
ac_cv_env_LIBS_value=
ac_cv_env_XMKMF_set=
ac_cv_env_XMKMF_value=
ac_cv_env_build_alias_set=
ac_cv_env_build_alias_value=
ac_cv_env_host_alias_set=
ac_cv_env_host_alias_value=
ac_cv_env_target_alias_set=
ac_cv_env_target_alias_value=
ac_cv_func_connect=yes
ac_cv_func_fnmatch_works=yes
ac_cv_func_getcwd=yes
ac_cv_func_gethostbyname=yes
ac_cv_func_getpagesize=yes
ac_cv_func_getwd=yes
ac_cv_func_memcmp_working=yes
ac_cv_func_mkdir=yes
ac_cv_func_mmap_fixed_mapped=yes
ac_cv_func_remove=yes
ac_cv_func_shmat=yes
ac_cv_func_strtod=yes
ac_cv_func_strtol=yes
ac_cv_have_x='have_x=yes	ac_x_includes='\'''\''	ac_x_libraries='\'''\'''
ac_cv_header_dirent_dirent_h=yes
ac_cv_header_inttypes_h=yes
ac_cv_header_libintl_h=yes
ac_cv_header_stdint_h=yes
ac_cv_header_stdio_h=yes
ac_cv_header_stdlib_h=yes
ac_cv_header_string_h=yes
ac_cv_header_strings_h=yes
ac_cv_header_sys_param_h=yes
ac_cv_header_sys_stat_h=yes
ac_cv_header_sys_types_h=yes
ac_cv_header_unistd_h=yes
ac_cv_host=x86_64-pc-linux-gnu
ac_cv_lib_ICE_IceConnectionNumber=yes
ac_cv_lib_X11_XOpenDisplay=yes
ac_cv_lib_ibs_main=no
ac_cv_lib_m_acos=yes
ac_cv_objext=o
ac_cv_path_CP=/usr/bin/cp
ac_cv_path_EGREP='/usr/bin/grep -E'
ac_cv_path_EGREP_TRADITIONAL='/usr/bin/grep -E'
ac_cv_path_GMSGFMT=/usr/bin/msgfmt
ac_cv_path_GREP=/usr/bin/grep
ac_cv_path_MSGFMT=/usr/bin/msgfmt
ac_cv_path_MSGMERGE=/usr/bin/msgmerge
ac_cv_path_PKG_CONFIG=/usr/bin/pkg-config
ac_cv_path_RM=/usr/bin/rm
ac_cv_path_XGETTEXT=/usr/bin/xgettext
ac_cv_path_install='/usr/bin/install -c'
ac_cv_path_mkdir=/usr/bin/mkdir
ac_cv_prog_AWK=gawk
ac_cv_prog_CPP='gcc -E'
ac_cv_prog_ac_ct_CC=gcc
ac_cv_prog_cc_c11=
ac_cv_prog_cc_g=yes
ac_cv_prog_cc_stdc=
ac_cv_prog_make_make_set=yes
ac_cv_search_opendir='none required'
ac_cv_struct_tm=time.h
ac_cv_type_size_t=yes
acl_cv_hardcode_direct=no
acl_cv_hardcode_libdir_flag_spec='${wl}-rpath ${wl}$libdir'
acl_cv_hardcode_libdir_separator=
acl_cv_hardcode_minus_L=no
acl_cv_libext=a
acl_cv_path_LD=/usr/bin/ld
acl_cv_prog_gnu_ld=yes
acl_cv_rpath=done
acl_cv_shlibext=so
acl_cv_wl=-Wl,
am_cv_CC_dependencies_compiler_type=none
am_cv_filesystem_timestamp_resolution=0.01
am_cv_make_support_nested_variables=yes
am_cv_prog_cc_c_o=yes
am_cv_sleep_fractional_seconds=yes
am_cv_xargs_n_works=yes
gt_cv_func_gnugettext1_libc=yes

## ----------------- ##
## Output variables. ##
## ----------------- ##

ACLOCAL='${SHELL} '\''/run/media/izzie/Storage/Chemtool/missing'\'' aclocal-1.17'
AMDEPBACKSLASH='\'
AMDEP_FALSE='#'
AMDEP_TRUE=''
AMTAR='$${TAR-tar}'
AM_BACKSLASH='\'
AM_DEFAULT_V='$(AM_DEFAULT_VERBOSITY)'
AM_DEFAULT_VERBOSITY='1'
AM_V='$(V)'
AUTOCONF='${SHELL} '\''/run/media/izzie/Storage/Chemtool/missing'\'' autoconf'
AUTOHEADER='${SHELL} '\''/run/media/izzie/Storage/Chemtool/missing'\'' autoheader'
AUTOMAKE='${SHELL} '\''/run/media/izzie/Storage/Chemtool/missing'\'' automake-1.17'
AWK='gawk'
CC='gcc'
CCDEPMODE='depmode=none'
CFLAGS='-g -O2'
CP='/usr/bin/cp'
CPP='gcc -E'
CPPFLAGS=''
CSCOPE='cscope'
CTAGS='ctags'
CYGPATH_W='echo'
DEFS='-DHAVE_CONFIG_H'
DEPDIR='.deps'
ECHO_C=''
ECHO_N='-n'
ECHO_T=''
EGREP='/usr/bin/grep -E'
EMFLIBS=''
ETAGS='etags'
EXEEXT=''
GMSGFMT='/usr/bin/msgfmt'
GREP='/usr/bin/grep'
GTK_CFLAGS='-DGTK2 -I/usr/include/gtk-2.0 -I/usr/lib64/gtk-2.0/include -I/usr/include/pango-1.0 -I/usr/include/atk-1.0 -I/usr/include/gdk-pixbuf-2.0 -I/usr/include/webp -I/usr/include/libmount -I/usr/include/blkid -I/usr/include/fribidi -I/usr/include/cairo -I/usr/include/libxml2 -I/usr/include/pixman-1 -I/usr/include/harfbuzz -I/usr/include/freetype2 -I/usr/include/libpng16 -DWITH_GZFILEOP -I/usr/include/glib-2.0 -I/usr/lib64/glib-2.0/include -I/usr/include/sysprof-6 -pthread '
GTK_CONFIG=''
GTK_LIBS='-lgtk-x11-2.0 -lgdk-x11-2.0 -lpangocairo-1.0 -latk-1.0 -lcairo -lgdk_pixbuf-2.0 -lgio-2.0 -lpangoft2-1.0 -lpango-1.0 -lgobject-2.0 -lglib-2.0 -lharfbuzz -lfontconfig -lfreetype'
INSTALL_DATA='${INSTALL} -m 644'
INSTALL_PROGRAM='${INSTALL}'
INSTALL_SCRIPT='${INSTALL}'
INSTALL_STRIP_PROGRAM='$(install_sh) -c -s'
INTLLIBS=''
LDFLAGS=''
LIBICONV='-liconv'
LIBINTL=''
LIBOBJS=''
LIBS='-lX11 -lm '
LN_S='ln -s'
LTLIBICONV='-liconv'
LTLIBINTL=''
LTLIBOBJS=''
MAKEINFO='${SHELL} '\''/run/media/izzie/Storage/Chemtool/missing'\'' makeinfo'
MKDIR_P='/usr/bin/mkdir -p'
MKINSTALLDIRS='$(top_builddir)/.//mkinstalldirs'
MSGFMT='/usr/bin/msgfmt'
MSGMERGE='/usr/bin/msgmerge'
MYGTKOBJS=''
MYGTKSRCS=''
OBJEXT='o'
PACKAGE='chemtool'
PACKAGE_BUGREPORT='martin@ruby.chemie.uni-freiburg.de'
PACKAGE_NAME='Chemtool'
PACKAGE_STRING='Chemtool 1.6.13'
PACKAGE_TARNAME='chemtool'
PACKAGE_URL=''
PACKAGE_VERSION='1.6.13'
PATH_SEPARATOR=':'
PKG_CONFIG='/usr/bin/pkg-config'
POSUB='po'
RM='/usr/bin/rm'
SET_MAKE=''
SHELL='/bin/sh'
STRIP=''
USE_NLS='yes'
VERSION='1.6.13'
XGETTEXT='/usr/bin/xgettext'
XMKMF=''
X_CFLAGS=''
X_EXTRA_LIBS=''
X_LIBS=''
X_PRE_LIBS=' -lSM -lICE'
ac_ct_CC='gcc'
am__EXEEXT_FALSE=''
am__EXEEXT_TRUE='#'
am__fastdepCC_FALSE=''
am__fastdepCC_TRUE='#'
am__include='include'
am__isrc=''
am__leading_dot='.'
am__nodep='_no'
am__quote=''
am__rm_f_notfound=''
am__tar='$${TAR-tar} chof - "$$tardir"'
am__untar='$${TAR-tar} xf -'
am__xargs_n='xargs -n'
bindir='${exec_prefix}/bin'
build='x86_64-pc-linux-gnu'
build_alias=''
build_cpu='x86_64'
build_os='linux-gnu'
build_vendor='pc'
datadir='${datarootdir}'
datarootdir='${prefix}/share'
docdir='${datarootdir}/doc/${PACKAGE_TARNAME}'
dvidir='${docdir}'
exec_prefix='${prefix}'
gnomemimedir='/usr'
host='x86_64-pc-linux-gnu'
host_alias=''
host_cpu='x86_64'
host_os='linux-gnu'
host_vendor='pc'
htmldir='${docdir}'
includedir='${prefix}/include'
infodir='${datarootdir}/info'
install_sh='${SHELL} /run/media/izzie/Storage/Chemtool/install-sh'
kdemimedir=''
libdir='${exec_prefix}/lib'
libexecdir='${exec_prefix}/libexec'
localedir='${datarootdir}/locale'
localstatedir='${prefix}/var'
mandir='${datarootdir}/man'
mkdir_p='$(MKDIR_P)'
oldincludedir='/usr/include'
pdfdir='${docdir}'
prefix='/usr/local'
program_transform_name='s,x,x,'
psdir='${docdir}'
runstatedir='${localstatedir}/run'
sbindir='${exec_prefix}/sbin'
sharedstatedir='${prefix}/com'
sysconfdir='${prefix}/etc'
target_alias=''

## ----------- ##
## confdefs.h. ##
## ----------- ##

/* confdefs.h */
#define PACKAGE_NAME "Chemtool"
#define PACKAGE_TARNAME "chemtool"
#define PACKAGE_VERSION "1.6.13"
#define PACKAGE_STRING "Chemtool 1.6.13"
#define PACKAGE_BUGREPORT "martin@ruby.chemie.uni-freiburg.de"
#define PACKAGE_URL ""
#define PACKAGE "chemtool"
#define VERSION "1.6.13"
#define ENABLE_NLS 1
#define HAVE_GETTEXT 1
#define HAVE_DCGETTEXT 1
#define HAVE_LIBM 1
#define LIBUNDO 1
#define MENU 1
#define GTK2 1
#define HAVE_DIRENT_H 1
#define HAVE_STDIO_H 1
#define HAVE_STDLIB_H 1
#define HAVE_STRING_H 1
#define HAVE_INTTYPES_H 1
#define HAVE_STDINT_H 1
#define HAVE_STRINGS_H 1
#define HAVE_SYS_STAT_H 1
#define HAVE_SYS_TYPES_H 1
#define HAVE_UNISTD_H 1
#define HAVE_SYS_PARAM_H 1
#define STDC_HEADERS 1
#define HAVE_LIBX11 1
#define HAVE_STRINGS_H 1
#define HAVE_UNISTD_H 1
#define HAVE_LIBINTL_H 1
#define HAVE_FNMATCH 1
#define HAVE_GETPAGESIZE 1
#define HAVE_MMAP 1
#define HAVE_GETCWD 1
#define HAVE_GETWD 1
#define HAVE_MKDIR 1
#define HAVE_STRTOD 1
#define HAVE_STRTOL 1
#define LIBUNDO 1
#define MENU 1

configure: exit 0

## ---------------------- ##
## Running config.status. ##
## ---------------------- ##

This file was extended by Chemtool config.status 1.6.13, which was
generated by GNU Autoconf 2.72.  Invocation command line was

  CONFIG_FILES    = 
  CONFIG_HEADERS  = 
  CONFIG_LINKS    = 
  CONFIG_COMMANDS = 
  $ ./config.status 

on fedora

config.status:930: creating Makefile
config.status:930: creating src-cht/Makefile
config.status:930: creating m4/Makefile
config.status:930: creating po/Makefile.in
config.status:1038: WARNING:  'po/Makefile.in.in' seems to ignore the --datarootdir setting
config.status:930: creating po/Makefile
config.status:930: creating config.h
config.status:1111: config.h is unchanged
config.status:1159: executing default-1 commands
config.status:1159: executing depfiles commands
